<?xml version="1.0" encoding="UTF-8"?>
<!-- Generated by org.testng.reporters.JUnitXMLReporter -->
<testsuite ignored="0" hostname="Robin" failures="0" tests="2" name="Default test" time="4.854" errors="0" timestamp="2024-04-30T12:24:54 IST">
  <testcase classname="com.qa.testcases.Registrationpagetest" name="registrationtest" time="0.0">
    <skipped/>
  </testcase> <!-- registrationtest -->
  <testcase classname="com.qa.testcases.Registrationpagetest" name="validatereg" time="0.008"/>
</testsuite> <!-- Default test -->
